# JRE version: OpenJDK Runtime Environment (8.0_76-b03) (build 1.8.0_76-release-b03)
# Java VM: OpenJDK 64-Bit Server VM (25.76-b03 mixed mode windows-amd64 compressed oops)
Heap:
 PSYoungGen      total 284160K, used 280577K [0x00000000eab00000, 0x00000000fdd00000, 0x0000000100000000)
  eden space 274432K, 98% used [0x00000000eab00000,0x00000000fb3987c8,0x00000000fb700000)
  from space 9728K, 99% used [0x00000000fc180000,0x00000000fcae8020,0x00000000fcb00000)
  to   space 18432K, 0% used [0x00000000fcb00000,0x00000000fcb00000,0x00000000fdd00000)
 ParOldGen       total 143872K, used 35349K [0x00000000c0000000, 0x00000000c8c80000, 0x00000000eab00000)
  object space 143872K, 24% used [0x00000000c0000000,0x00000000c22855f8,0x00000000c8c80000)
 Metaspace       used 71566K, capacity 76602K, committed 76840K, reserved 1116160K
  class space    used 8986K, capacity 9656K, committed 9776K, reserved 1048576K
GC Heap History (10 events):
Event: 3075.271 GC heap before
{Heap before GC invocations=37 (full 13):
 PSYoungGen      total 312320K, used 308224K [0x00000000eab00000, 0x00000000ff900000, 0x0000000100000000)
  eden space 308224K, 100% used [0x00000000eab00000,0x00000000fd800000,0x00000000fd800000)
  from space 4096K, 0% used [0x00000000fd800000,0x00000000fd800000,0x00000000fdc00000)
  to   space 16896K, 0% used [0x00000000fe880000,0x00000000fe880000,0x00000000ff900000)
 ParOldGen       total 143872K, used 32749K [0x00000000c0000000, 0x00000000c8c80000, 0x00000000eab00000)
  object space 143872K, 22% used [0x00000000c0000000,0x00000000c1ffb5e8,0x00000000c8c80000)
 Metaspace       used 67660K, capacity 72456K, committed 72488K, reserved 1112064K
  class space    used 8633K, capacity 9261K, committed 9264K, reserved 1048576K
Event: 3075.292 GC heap after
Heap after GC invocations=37 (full 13):
 PSYoungGen      total 313344K, used 16876K [0x00000000eab00000, 0x00000000ff900000, 0x0000000100000000)
  eden space 296448K, 0% used [0x00000000eab00000,0x00000000eab00000,0x00000000fcc80000)
  from space 16896K, 99% used [0x00000000fe880000,0x00000000ff8fb2c8,0x00000000ff900000)
  to   space 20992K, 0% used [0x00000000fd000000,0x00000000fd000000,0x00000000fe480000)
 ParOldGen       total 143872K, used 35612K [0x00000000c0000000, 0x00000000c8c80000, 0x00000000eab00000)
  object space 143872K, 24% used [0x00000000c0000000,0x00000000c22c7338,0x00000000c8c80000)
 Metaspace       used 67660K, capacity 72456K, committed 72488K, reserved 1112064K
  class space    used 8633K, capacity 9261K, committed 9264K, reserved 1048576K
}
Event: 3094.044 GC heap before
{Heap before GC invocations=38 (full 13):
 PSYoungGen      total 313344K, used 313324K [0x00000000eab00000, 0x00000000ff900000, 0x0000000100000000)
  eden space 296448K, 100% used [0x00000000eab00000,0x00000000fcc80000,0x00000000fcc80000)
  from space 16896K, 99% used [0x00000000fe880000,0x00000000ff8fb2c8,0x00000000ff900000)
  to   space 20992K, 0% used [0x00000000fd000000,0x00000000fd000000,0x00000000fe480000)
 ParOldGen       total 143872K, used 35612K [0x00000000c0000000, 0x00000000c8c80000, 0x00000000eab00000)
  object space 143872K, 24% used [0x00000000c0000000,0x00000000c22c7338,0x00000000c8c80000)
 Metaspace       used 69466K, capacity 74398K, committed 74536K, reserved 1114112K
  class space    used 8811K, capacity 9446K, committed 9520K, reserved 1048576K
Event: 3094.054 GC heap after
Heap after GC invocations=38 (full 13):
 PSYoungGen      total 297472K, used 12111K [0x00000000eab00000, 0x00000000feb80000, 0x0000000100000000)
  eden space 285184K, 0% used [0x00000000eab00000,0x00000000eab00000,0x00000000fc180000)
  from space 12288K, 98% used [0x00000000fd000000,0x00000000fdbd3e28,0x00000000fdc00000)
  to   space 15872K, 0% used [0x00000000fdc00000,0x00000000fdc00000,0x00000000feb80000)
 ParOldGen       total 143872K, used 35620K [0x00000000c0000000, 0x00000000c8c80000, 0x00000000eab00000)
  object space 143872K, 24% used [0x00000000c0000000,0x00000000c22c9338,0x00000000c8c80000)
 Metaspace       used 69466K, capacity 74398K, committed 74536K, reserved 1114112K
  class space    used 8811K, capacity 9446K, committed 9520K, reserved 1048576K
}
Event: 3094.660 GC heap before
{Heap before GC invocations=39 (full 13):
 PSYoungGen      total 297472K, used 170380K [0x00000000eab00000, 0x00000000feb80000, 0x0000000100000000)
  eden space 285184K, 55% used [0x00000000eab00000,0x00000000f458f250,0x00000000fc180000)
  from space 12288K, 98% used [0x00000000fd000000,0x00000000fdbd3e28,0x00000000fdc00000)
  to   space 15872K, 0% used [0x00000000fdc00000,0x00000000fdc00000,0x00000000feb80000)
 ParOldGen       total 143872K, used 35620K [0x00000000c0000000, 0x00000000c8c80000, 0x00000000eab00000)
  object space 143872K, 24% used [0x00000000c0000000,0x00000000c22c9338,0x00000000c8c80000)
 Metaspace       used 69481K, capacity 74398K, committed 74536K, reserved 1114112K
  class space    used 8811K, capacity 9446K, committed 9520K, reserved 1048576K
Event: 3094.666 GC heap after
Heap after GC invocations=39 (full 13):
 PSYoungGen      total 297984K, used 7777K [0x00000000eab00000, 0x00000000fe880000, 0x0000000100000000)
  eden space 285184K, 0% used [0x00000000eab00000,0x00000000eab00000,0x00000000fc180000)
  from space 12800K, 60% used [0x00000000fdc00000,0x00000000fe398680,0x00000000fe880000)
  to   space 19968K, 0% used [0x00000000fc180000,0x00000000fc180000,0x00000000fd500000)
 ParOldGen       total 143872K, used 35628K [0x00000000c0000000, 0x00000000c8c80000, 0x00000000eab00000)
  object space 143872K, 24% used [0x00000000c0000000,0x00000000c22cb338,0x00000000c8c80000)
 Metaspace       used 69481K, capacity 74398K, committed 74536K, reserved 1114112K
  class space    used 8811K, capacity 9446K, committed 9520K, reserved 1048576K
}
Event: 3094.666 GC heap before
{Heap before GC invocations=40 (full 14):
 PSYoungGen      total 297984K, used 7777K [0x00000000eab00000, 0x00000000fe880000, 0x0000000100000000)
  eden space 285184K, 0% used [0x00000000eab00000,0x00000000eab00000,0x00000000fc180000)
  from space 12800K, 60% used [0x00000000fdc00000,0x00000000fe398680,0x00000000fe880000)
  to   space 19968K, 0% used [0x00000000fc180000,0x00000000fc180000,0x00000000fd500000)
 ParOldGen       total 143872K, used 35628K [0x00000000c0000000, 0x00000000c8c80000, 0x00000000eab00000)
  object space 143872K, 24% used [0x00000000c0000000,0x00000000c22cb338,0x00000000c8c80000)
 Metaspace       used 69481K, capacity 74398K, committed 74536K, reserved 1114112K
  class space    used 8811K, capacity 9446K, committed 9520K, reserved 1048576K
Event: 3094.966 GC heap after
Heap after GC invocations=40 (full 14):
 PSYoungGen      total 297984K, used 0K [0x00000000eab00000, 0x00000000fe880000, 0x0000000100000000)
  eden space 285184K, 0% used [0x00000000eab00000,0x00000000eab00000,0x00000000fc180000)
  from space 12800K, 0% used [0x00000000fdc00000,0x00000000fdc00000,0x00000000fe880000)
  to   space 19968K, 0% used [0x00000000fc180000,0x00000000fc180000,0x00000000fd500000)
 ParOldGen       total 143872K, used 35341K [0x00000000c0000000, 0x00000000c8c80000, 0x00000000eab00000)
  object space 143872K, 24% used [0x00000000c0000000,0x00000000c22835f8,0x00000000c8c80000)
 Metaspace       used 69458K, capacity 74362K, committed 74536K, reserved 1114112K
  class space    used 8808K, capacity 9436K, committed 9520K, reserved 1048576K
}
Event: 3681.343 GC heap before
{Heap before GC invocations=41 (full 14):
 PSYoungGen      total 297984K, used 285171K [0x00000000eab00000, 0x00000000fe880000, 0x0000000100000000)
  eden space 285184K, 99% used [0x00000000eab00000,0x00000000fc17ce88,0x00000000fc180000)
  from space 12800K, 0% used [0x00000000fdc00000,0x00000000fdc00000,0x00000000fe880000)
  to   space 19968K, 0% used [0x00000000fc180000,0x00000000fc180000,0x00000000fd500000)
 ParOldGen       total 143872K, used 35341K [0x00000000c0000000, 0x00000000c8c80000, 0x00000000eab00000)
  object space 143872K, 24% used [0x00000000c0000000,0x00000000c22835f8,0x00000000c8c80000)
 Metaspace       used 69996K, capacity 74946K, committed 75048K, reserved 1114112K
  class space    used 8822K, capacity 9452K, committed 9520K, reserved 1048576K
Event: 3681.353 GC heap after
Heap after GC invocations=41 (full 14):
 PSYoungGen      total 284160K, used 9632K [0x00000000eab00000, 0x00000000fdd00000, 0x0000000100000000)
  eden space 274432K, 0% used [0x00000000eab00000,0x00000000eab00000,0x00000000fb700000)
  from space 9728K, 99% used [0x00000000fc180000,0x00000000fcae8020,0x00000000fcb00000)
  to   space 18432K, 0% used [0x00000000fcb00000,0x00000000fcb00000,0x00000000fdd00000)
 ParOldGen       total 143872K, used 35349K [0x00000000c0000000, 0x00000000c8c80000, 0x00000000eab00000)
  object space 143872K, 24% used [0x00000000c0000000,0x00000000c22855f8,0x00000000c8c80000)
 Metaspace       used 69996K, capacity 74946K, committed 75048K, reserved 1114112K
  class space    used 8822K, capacity 9452K, committed 9520K, reserved 1048576K
}

